# JRE version: OpenJDK Runtime Environment (8.0_265-b01) (build 1.8.0_265-b01)
# Java VM: OpenJDK Server VM (25.265-b01 mixed mode windows-x86 )
Heap:
 PSYoungGen      total 126208K, used 86905K [0x254c0000, 0x2df40000, 0x2f600000)
  eden space 115200K, 75% used [0x254c0000,0x2a99e528,0x2c540000)
  from space 11008K, 0% used [0x2c540000,0x2c540000,0x2d000000)
  to   space 7936K, 0% used [0x2d000000,0x2d000000,0x2d7c0000)
 ParOldGen       total 32256K, used 29448K [0x11200000, 0x13180000, 0x254c0000)
  object space 32256K, 91% used [0x11200000,0x12ec22a0,0x13180000)
 Metaspace       used 40810K, capacity 42354K, committed 42368K, reserved 42368K
GC Heap History (52 events):
Event: 3.140 GC heap before
{Heap before GC invocations=1 (full 0):
 PSYoungGen      total 9472K, used 8192K [0x254c0000, 0x25f40000, 0x2f600000)
  eden space 8192K, 100% used [0x254c0000,0x25cc0000,0x25cc0000)
  from space 1280K, 0% used [0x25e00000,0x25e00000,0x25f40000)
  to   space 1280K, 0% used [0x25cc0000,0x25cc0000,0x25e00000)
 ParOldGen       total 22016K, used 0K [0x11200000, 0x12780000, 0x254c0000)
  object space 22016K, 0% used [0x11200000,0x11200000,0x12780000)
 Metaspace       used 3166K, capacity 3212K, committed 3264K, reserved 4480K
Event: 3.147 GC heap after
Heap after GC invocations=1 (full 0):
 PSYoungGen      total 9472K, used 1226K [0x254c0000, 0x25f40000, 0x2f600000)
  eden space 8192K, 0% used [0x254c0000,0x254c0000,0x25cc0000)
  from space 1280K, 95% used [0x25cc0000,0x25df2a98,0x25e00000)
  to   space 1280K, 0% used [0x25e00000,0x25e00000,0x25f40000)
 ParOldGen       total 22016K, used 4K [0x11200000, 0x12780000, 0x254c0000)
  object space 22016K, 0% used [0x11200000,0x11201000,0x12780000)
 Metaspace       used 3166K, capacity 3212K, committed 3264K, reserved 4480K
}
Event: 4.930 GC heap before
{Heap before GC invocations=2 (full 0):
 PSYoungGen      total 9472K, used 9418K [0x254c0000, 0x25f40000, 0x2f600000)
  eden space 8192K, 100% used [0x254c0000,0x25cc0000,0x25cc0000)
  from space 1280K, 95% used [0x25cc0000,0x25df2a98,0x25e00000)
  to   space 1280K, 0% used [0x25e00000,0x25e00000,0x25f40000)
 ParOldGen       total 22016K, used 4K [0x11200000, 0x12780000, 0x254c0000)
  object space 22016K, 0% used [0x11200000,0x11201000,0x12780000)
 Metaspace       used 4952K, capacity 5078K, committed 5120K, reserved 5504K
Event: 4.938 GC heap after
Heap after GC invocations=2 (full 0):
 PSYoungGen      total 9472K, used 1274K [0x254c0000, 0x25f40000, 0x2f600000)
  eden space 8192K, 0% used [0x254c0000,0x254c0000,0x25cc0000)
  from space 1280K, 99% used [0x25e00000,0x25f3e848,0x25f40000)
  to   space 1280K, 0% used [0x25cc0000,0x25cc0000,0x25e00000)
 ParOldGen       total 22016K, used 632K [0x11200000, 0x12780000, 0x254c0000)
  object space 22016K, 2% used [0x11200000,0x1129e000,0x12780000)
 Metaspace       used 4952K, capacity 5078K, committed 5120K, reserved 5504K
}
Event: 5.457 GC heap before
{Heap before GC invocations=3 (full 0):
 PSYoungGen      total 9472K, used 9466K [0x254c0000, 0x25f40000, 0x2f600000)
  eden space 8192K, 100% used [0x254c0000,0x25cc0000,0x25cc0000)
  from space 1280K, 99% used [0x25e00000,0x25f3e848,0x25f40000)
  to   space 1280K, 0% used [0x25cc0000,0x25cc0000,0x25e00000)
 ParOldGen       total 22016K, used 632K [0x11200000, 0x12780000, 0x254c0000)
  object space 22016K, 2% used [0x11200000,0x1129e000,0x12780000)
 Metaspace       used 5726K, capacity 5925K, committed 6016K, reserved 6528K
Event: 5.465 GC heap after
Heap after GC invocations=3 (full 0):
 PSYoungGen      total 9472K, used 1264K [0x254c0000, 0x25f40000, 0x2f600000)
  eden space 8192K, 0% used [0x254c0000,0x254c0000,0x25cc0000)
  from space 1280K, 98% used [0x25cc0000,0x25dfc120,0x25e00000)
  to   space 1280K, 0% used [0x25e00000,0x25e00000,0x25f40000)
 ParOldGen       total 22016K, used 1493K [0x11200000, 0x12780000, 0x254c0000)
  object space 22016K, 6% used [0x11200000,0x113754a0,0x12780000)
 Metaspace       used 5726K, capacity 5925K, committed 6016K, reserved 6528K
}
Event: 6.491 GC heap before
{Heap before GC invocations=4 (full 0):
 PSYoungGen      total 9472K, used 9456K [0x254c0000, 0x25f40000, 0x2f600000)
  eden space 8192K, 100% used [0x254c0000,0x25cc0000,0x25cc0000)
  from space 1280K, 98% used [0x25cc0000,0x25dfc120,0x25e00000)
  to   space 1280K, 0% used [0x25e00000,0x25e00000,0x25f40000)
 ParOldGen       total 22016K, used 1493K [0x11200000, 0x12780000, 0x254c0000)
  object space 22016K, 6% used [0x11200000,0x113754a0,0x12780000)
 Metaspace       used 6471K, capacity 6712K, committed 6784K, reserved 7552K
Event: 6.496 GC heap after
Heap after GC invocations=4 (full 0):
 PSYoungGen      total 9472K, used 1272K [0x254c0000, 0x25f40000, 0x2f600000)
  eden space 8192K, 0% used [0x254c0000,0x254c0000,0x25cc0000)
  from space 1280K, 99% used [0x25e00000,0x25f3e0e0,0x25f40000)
  to   space 1280K, 0% used [0x25cc0000,0x25cc0000,0x25e00000)
 ParOldGen       total 22016K, used 2312K [0x11200000, 0x12780000, 0x254c0000)
  object space 22016K, 10% used [0x11200000,0x114422a8,0x12780000)
 Metaspace       used 6471K, capacity 6712K, committed 6784K, reserved 7552K
}
Event: 8.457 GC heap before
{Heap before GC invocations=5 (full 0):
 PSYoungGen      total 9472K, used 9464K [0x254c0000, 0x25f40000, 0x2f600000)
  eden space 8192K, 100% used [0x254c0000,0x25cc0000,0x25cc0000)
  from space 1280K, 99% used [0x25e00000,0x25f3e0e0,0x25f40000)
  to   space 1280K, 0% used [0x25cc0000,0x25cc0000,0x25e00000)
 ParOldGen       total 22016K, used 2312K [0x11200000, 0x12780000, 0x254c0000)
  object space 22016K, 10% used [0x11200000,0x114422a8,0x12780000)
 Metaspace       used 7232K, capacity 7501K, committed 7552K, reserved 7552K
Event: 8.465 GC heap after
Heap after GC invocations=5 (full 0):
 PSYoungGen      total 9472K, used 1271K [0x254c0000, 0x26240000, 0x2f600000)
  eden space 8192K, 0% used [0x254c0000,0x254c0000,0x25cc0000)
  from space 1280K, 99% used [0x25cc0000,0x25dfdd60,0x25e00000)
  to   space 2816K, 0% used [0x25f80000,0x25f80000,0x26240000)
 ParOldGen       total 22016K, used 3135K [0x11200000, 0x12780000, 0x254c0000)
  object space 22016K, 14% used [0x11200000,0x1150fcc0,0x12780000)
 Metaspace       used 7232K, capacity 7501K, committed 7552K, reserved 7552K
}
Event: 8.930 GC heap before
{Heap before GC invocations=6 (full 0):
 PSYoungGen      total 9472K, used 9463K [0x254c0000, 0x26240000, 0x2f600000)
  eden space 8192K, 100% used [0x254c0000,0x25cc0000,0x25cc0000)
  from space 1280K, 99% used [0x25cc0000,0x25dfdd60,0x25e00000)
  to   space 2816K, 0% used [0x25f80000,0x25f80000,0x26240000)
 ParOldGen       total 22016K, used 3135K [0x11200000, 0x12780000, 0x254c0000)
  object space 22016K, 14% used [0x11200000,0x1150fcc0,0x12780000)
 Metaspace       used 7944K, capacity 8230K, committed 8320K, reserved 8576K
Event: 8.942 GC heap after
Heap after GC invocations=6 (full 0):
 PSYoungGen      total 11264K, used 2015K [0x254c0000, 0x269c0000, 0x2f600000)
  eden space 8448K, 0% used [0x254c0000,0x254c0000,0x25d00000)
  from space 2816K, 71% used [0x25f80000,0x26177fa0,0x26240000)
  to   space 2560K, 0% used [0x25d00000,0x25d00000,0x25f80000)
 ParOldGen       total 22016K, used 3139K [0x11200000, 0x12780000, 0x254c0000)
  object space 22016K, 14% used [0x11200000,0x11510cc0,0x12780000)
 Metaspace       used 7944K, capacity 8230K, committed 8320K, reserved 8576K
}
Event: 9.485 GC heap before
{Heap before GC invocations=7 (full 0):
 PSYoungGen      total 11264K, used 10463K [0x254c0000, 0x269c0000, 0x2f600000)
  eden space 8448K, 100% used [0x254c0000,0x25d00000,0x25d00000)
  from space 2816K, 71% used [0x25f80000,0x26177fa0,0x26240000)
  to   space 2560K, 0% used [0x25d00000,0x25d00000,0x25f80000)
 ParOldGen       total 22016K, used 3139K [0x11200000, 0x12780000, 0x254c0000)
  object space 22016K, 14% used [0x11200000,0x11510cc0,0x12780000)
 Metaspace       used 8687K, capacity 9011K, committed 9088K, reserved 9600K
Event: 9.497 GC heap after
Heap after GC invocations=7 (full 0):
 PSYoungGen      total 11008K, used 1586K [0x254c0000, 0x26a40000, 0x2f600000)
  eden space 8448K, 0% used [0x254c0000,0x254c0000,0x25d00000)
  from space 2560K, 61% used [0x25d00000,0x25e8c9e0,0x25f80000)
  to   space 2560K, 0% used [0x267c0000,0x267c0000,0x26a40000)
 ParOldGen       total 22016K, used 3821K [0x11200000, 0x12780000, 0x254c0000)
  object space 22016K, 17% used [0x11200000,0x115bb5c0,0x12780000)
 Metaspace       used 8687K, capacity 9011K, committed 9088K, reserved 9600K
}
Event: 11.426 GC heap before
{Heap before GC invocations=8 (full 0):
 PSYoungGen      total 11008K, used 10034K [0x254c0000, 0x26a40000, 0x2f600000)
  eden space 8448K, 100% used [0x254c0000,0x25d00000,0x25d00000)
  from space 2560K, 61% used [0x25d00000,0x25e8c9e0,0x25f80000)
  to   space 2560K, 0% used [0x267c0000,0x267c0000,0x26a40000)
 ParOldGen       total 22016K, used 3821K [0x11200000, 0x12780000, 0x254c0000)
  object space 22016K, 17% used [0x11200000,0x115bb5c0,0x12780000)
 Metaspace       used 9631K, capacity 9954K, committed 9984K, reserved 10624K
Event: 11.439 GC heap after
Heap after GC invocations=8 (full 0):
 PSYoungGen      total 19456K, used 1648K [0x254c0000, 0x26a40000, 0x2f600000)
  eden space 16896K, 0% used [0x254c0000,0x254c0000,0x26540000)
  from space 2560K, 64% used [0x267c0000,0x2695c2c0,0x26a40000)
  to   space 2560K, 0% used [0x26540000,0x26540000,0x267c0000)
 ParOldGen       total 22016K, used 4184K [0x11200000, 0x12780000, 0x254c0000)
  object space 22016K, 19% used [0x11200000,0x116160c8,0x12780000)
 Metaspace       used 9631K, capacity 9954K, committed 9984K, reserved 10624K
}
Event: 14.247 GC heap before
{Heap before GC invocations=9 (full 0):
 PSYoungGen      total 19456K, used 18544K [0x254c0000, 0x26a40000, 0x2f600000)
  eden space 16896K, 100% used [0x254c0000,0x26540000,0x26540000)
  from space 2560K, 64% used [0x267c0000,0x2695c2c0,0x26a40000)
  to   space 2560K, 0% used [0x26540000,0x26540000,0x267c0000)
 ParOldGen       total 22016K, used 4184K [0x11200000, 0x12780000, 0x254c0000)
  object space 22016K, 19% used [0x11200000,0x116160c8,0x12780000)
 Metaspace       used 11041K, capacity 11503K, committed 11520K, reserved 11648K
Event: 14.259 GC heap after
Heap after GC invocations=9 (full 0):
 PSYoungGen      total 18944K, used 2324K [0x254c0000, 0x26a40000, 0x2f600000)
  eden space 16384K, 0% used [0x254c0000,0x254c0000,0x264c0000)
  from space 2560K, 90% used [0x26540000,0x267852e8,0x267c0000)
  to   space 2560K, 0% used [0x267c0000,0x267c0000,0x26a40000)
 ParOldGen       total 22016K, used 4564K [0x11200000, 0x12780000, 0x254c0000)
  object space 22016K, 20% used [0x11200000,0x116750c8,0x12780000)
 Metaspace       used 11041K, capacity 11503K, committed 11520K, reserved 11648K
}
Event: 15.083 GC heap before
{Heap before GC invocations=10 (full 0):
 PSYoungGen      total 18944K, used 18708K [0x254c0000, 0x26a40000, 0x2f600000)
  eden space 16384K, 100% used [0x254c0000,0x264c0000,0x264c0000)
  from space 2560K, 90% used [0x26540000,0x267852e8,0x267c0000)
  to   space 2560K, 0% used [0x267c0000,0x267c0000,0x26a40000)
 ParOldGen       total 22016K, used 4564K [0x11200000, 0x12780000, 0x254c0000)
  object space 22016K, 20% used [0x11200000,0x116750c8,0x12780000)
 Metaspace       used 12625K, capacity 13104K, committed 13184K, reserved 13696K
Event: 15.093 GC heap after
Heap after GC invocations=10 (full 0):
 PSYoungGen      total 18688K, used 2552K [0x254c0000, 0x27500000, 0x2f600000)
  eden space 16128K, 0% used [0x254c0000,0x254c0000,0x26480000)
  from space 2560K, 99% used [0x267c0000,0x26a3e058,0x26a40000)
  to   space 3328K, 0% used [0x26480000,0x26480000,0x267c0000)
 ParOldGen       total 22016K, used 5471K [0x11200000, 0x12780000, 0x254c0000)
  object space 22016K, 24% used [0x11200000,0x11757e98,0x12780000)
 Metaspace       used 12625K, capacity 13104K, committed 13184K, reserved 13696K
}
Event: 15.519 GC heap before
{Heap before GC invocations=11 (full 0):
 PSYoungGen      total 18688K, used 18680K [0x254c0000, 0x27500000, 0x2f600000)
  eden space 16128K, 100% used [0x254c0000,0x26480000,0x26480000)
  from space 2560K, 99% used [0x267c0000,0x26a3e058,0x26a40000)
  to   space 3328K, 0% used [0x26480000,0x26480000,0x267c0000)
 ParOldGen       total 22016K, used 5471K [0x11200000, 0x12780000, 0x254c0000)
  object space 22016K, 24% used [0x11200000,0x11757e98,0x12780000)
 Metaspace       used 13953K, capacity 14481K, committed 14592K, reserved 14720K
Event: 15.526 GC heap after
Heap after GC invocations=11 (full 0):
 PSYoungGen      total 19456K, used 2098K [0x254c0000, 0x27400000, 0x2f600000)
  eden space 16128K, 0% used [0x254c0000,0x254c0000,0x26480000)
  from space 3328K, 63% used [0x26480000,0x2668c9e8,0x267c0000)
  to   space 3072K, 0% used [0x27100000,0x27100000,0x27400000)
 ParOldGen       total 22016K, used 6224K [0x11200000, 0x12780000, 0x254c0000)
  object space 22016K, 28% used [0x11200000,0x11814140,0x12780000)
 Metaspace       used 13953K, capacity 14481K, committed 14592K, reserved 14720K
}
Event: 16.424 GC heap before
{Heap before GC invocations=12 (full 0):
 PSYoungGen      total 19456K, used 18226K [0x254c0000, 0x27400000, 0x2f600000)
  eden space 16128K, 100% used [0x254c0000,0x26480000,0x26480000)
  from space 3328K, 63% used [0x26480000,0x2668c9e8,0x267c0000)
  to   space 3072K, 0% used [0x27100000,0x27100000,0x27400000)
 ParOldGen       total 22016K, used 6224K [0x11200000, 0x12780000, 0x254c0000)
  object space 22016K, 28% used [0x11200000,0x11814140,0x12780000)
 Metaspace       used 14577K, capacity 15137K, committed 15232K, reserved 15744K
Event: 16.433 GC heap after
Heap after GC invocations=12 (full 0):
 PSYoungGen      total 28928K, used 1596K [0x254c0000, 0x27400000, 0x2f600000)
  eden space 25856K, 0% used [0x254c0000,0x254c0000,0x26e00000)
  from space 3072K, 51% used [0x27100000,0x2728f3c0,0x27400000)
  to   space 3072K, 0% used [0x26e00000,0x26e00000,0x27100000)
 ParOldGen       total 22016K, used 6494K [0x11200000, 0x12780000, 0x254c0000)
  object space 22016K, 29% used [0x11200000,0x11857950,0x12780000)
 Metaspace       used 14577K, capacity 15137K, committed 15232K, reserved 15744K
}
Event: 16.718 GC heap before
{Heap before GC invocations=13 (full 0):
 PSYoungGen      total 28928K, used 27414K [0x254c0000, 0x27400000, 0x2f600000)
  eden space 25856K, 99% used [0x254c0000,0x26df6700,0x26e00000)
  from space 3072K, 51% used [0x27100000,0x2728f3c0,0x27400000)
  to   space 3072K, 0% used [0x26e00000,0x26e00000,0x27100000)
 ParOldGen       total 22016K, used 6494K [0x11200000, 0x12780000, 0x254c0000)
  object space 22016K, 29% used [0x11200000,0x11857950,0x12780000)
 Metaspace       used 14749K, capacity 15317K, committed 15360K, reserved 15744K
Event: 16.728 GC heap after
Heap after GC invocations=13 (full 0):
 PSYoungGen      total 28928K, used 776K [0x254c0000, 0x283c0000, 0x2f600000)
  eden space 25856K, 0% used [0x254c0000,0x254c0000,0x26e00000)
  from space 3072K, 25% used [0x26e00000,0x26ec23a0,0x27100000)
  to   space 3328K, 0% used [0x28080000,0x28080000,0x283c0000)
 ParOldGen       total 22016K, used 7125K [0x11200000, 0x12780000, 0x254c0000)
  object space 22016K, 32% used [0x11200000,0x118f5498,0x12780000)
 Metaspace       used 14749K, capacity 15317K, committed 15360K, reserved 15744K
}
Event: 17.721 GC heap before
{Heap before GC invocations=14 (full 0):
 PSYoungGen      total 28928K, used 26632K [0x254c0000, 0x283c0000, 0x2f600000)
  eden space 25856K, 100% used [0x254c0000,0x26e00000,0x26e00000)
  from space 3072K, 25% used [0x26e00000,0x26ec23a0,0x27100000)
  to   space 3328K, 0% used [0x28080000,0x28080000,0x283c0000)
 ParOldGen       total 22016K, used 7125K [0x11200000, 0x12780000, 0x254c0000)
  object space 22016K, 32% used [0x11200000,0x118f5498,0x12780000)
 Metaspace       used 15167K, capacity 15788K, committed 15872K, reserved 16768K
Event: 17.728 GC heap after
Heap after GC invocations=14 (full 0):
 PSYoungGen      total 44800K, used 1201K [0x254c0000, 0x283c0000, 0x2f600000)
  eden space 41472K, 0% used [0x254c0000,0x254c0000,0x27d40000)
  from space 3328K, 36% used [0x28080000,0x281ac6b8,0x283c0000)
  to   space 3328K, 0% used [0x27d40000,0x27d40000,0x28080000)
 ParOldGen       total 22016K, used 7535K [0x11200000, 0x12780000, 0x254c0000)
  object space 22016K, 34% used [0x11200000,0x1195bcb0,0x12780000)
 Metaspace       used 15167K, capacity 15788K, committed 15872K, reserved 16768K
}
Event: 19.800 GC heap before
{Heap before GC invocations=15 (full 0):
 PSYoungGen      total 44800K, used 24930K [0x254c0000, 0x283c0000, 0x2f600000)
  eden space 41472K, 57% used [0x254c0000,0x26bec4c8,0x27d40000)
  from space 3328K, 36% used [0x28080000,0x281ac6b8,0x283c0000)
  to   space 3328K, 0% used [0x27d40000,0x27d40000,0x28080000)
 ParOldGen       total 22016K, used 7535K [0x11200000, 0x12780000, 0x254c0000)
  object space 22016K, 34% used [0x11200000,0x1195bcb0,0x12780000)
 Metaspace       used 15770K, capacity 16362K, committed 16384K, reserved 16768K
Event: 19.812 GC heap after
Heap after GC invocations=15 (full 0):
 PSYoungGen      total 44800K, used 2201K [0x254c0000, 0x29c40000, 0x2f600000)
  eden space 41472K, 0% used [0x254c0000,0x254c0000,0x27d40000)
  from space 3328K, 66% used [0x27d40000,0x27f667c8,0x28080000)
  to   space 3328K, 0% used [0x29900000,0x29900000,0x29c40000)
 ParOldGen       total 22016K, used 8206K [0x11200000, 0x12780000, 0x254c0000)
  object space 22016K, 37% used [0x11200000,0x11a03888,0x12780000)
 Metaspace       used 15770K, capacity 16362K, committed 16384K, reserved 16768K
}
Event: 19.812 GC heap before
{Heap before GC invocations=16 (full 1):
 PSYoungGen      total 44800K, used 2201K [0x254c0000, 0x29c40000, 0x2f600000)
  eden space 41472K, 0% used [0x254c0000,0x254c0000,0x27d40000)
  from space 3328K, 66% used [0x27d40000,0x27f667c8,0x28080000)
  to   space 3328K, 0% used [0x29900000,0x29900000,0x29c40000)
 ParOldGen       total 22016K, used 8206K [0x11200000, 0x12780000, 0x254c0000)
  object space 22016K, 37% used [0x11200000,0x11a03888,0x12780000)
 Metaspace       used 15770K, capacity 16362K, committed 16384K, reserved 16768K
Event: 19.908 GC heap after
Heap after GC invocations=16 (full 1):
 PSYoungGen      total 44800K, used 0K [0x254c0000, 0x29c40000, 0x2f600000)
  eden space 41472K, 0% used [0x254c0000,0x254c0000,0x27d40000)
  from space 3328K, 0% used [0x27d40000,0x27d40000,0x28080000)
  to   space 3328K, 0% used [0x29900000,0x29900000,0x29c40000)
 ParOldGen       total 18944K, used 6943K [0x11200000, 0x12480000, 0x254c0000)
  object space 18944K, 36% used [0x11200000,0x118c7c28,0x12480000)
 Metaspace       used 15770K, capacity 16362K, committed 16384K, reserved 16768K
}
Event: 22.552 GC heap before
{Heap before GC invocations=17 (full 1):
 PSYoungGen      total 44800K, used 41472K [0x254c0000, 0x29c40000, 0x2f600000)
  eden space 41472K, 100% used [0x254c0000,0x27d40000,0x27d40000)
  from space 3328K, 0% used [0x27d40000,0x27d40000,0x28080000)
  to   space 3328K, 0% used [0x29900000,0x29900000,0x29c40000)
 ParOldGen       total 18944K, used 6943K [0x11200000, 0x12480000, 0x254c0000)
  object space 18944K, 36% used [0x11200000,0x118c7c28,0x12480000)
 Metaspace       used 17375K, capacity 18118K, committed 18176K, reserved 18816K
Event: 22.573 GC heap after
Heap after GC invocations=17 (full 1):
 PSYoungGen      total 62208K, used 3320K [0x254c0000, 0x29c40000, 0x2f600000)
  eden space 58880K, 0% used [0x254c0000,0x254c0000,0x28e40000)
  from space 3328K, 99% used [0x29900000,0x29c3e060,0x29c40000)
  to   space 3840K, 0% used [0x294c0000,0x294c0000,0x29880000)
 ParOldGen       total 18944K, used 7384K [0x11200000, 0x12480000, 0x254c0000)
  object space 18944K, 38% used [0x11200000,0x11936138,0x12480000)
 Metaspace       used 17375K, capacity 18118K, committed 18176K, reserved 18816K
}
Event: 25.829 GC heap before
{Heap before GC invocations=18 (full 1):
 PSYoungGen      total 62208K, used 62200K [0x254c0000, 0x29c40000, 0x2f600000)
  eden space 58880K, 100% used [0x254c0000,0x28e40000,0x28e40000)
  from space 3328K, 99% used [0x29900000,0x29c3e060,0x29c40000)
  to   space 3840K, 0% used [0x294c0000,0x294c0000,0x29880000)
 ParOldGen       total 18944K, used 7384K [0x11200000, 0x12480000, 0x254c0000)
  object space 18944K, 38% used [0x11200000,0x11936138,0x12480000)
 Metaspace       used 20343K, capacity 21093K, committed 21248K, reserved 21888K
Event: 25.857 GC heap after
Heap after GC invocations=18 (full 1):
 PSYoungGen      total 69376K, used 3832K [0x254c0000, 0x2a880000, 0x2f600000)
  eden space 65536K, 0% used [0x254c0000,0x254c0000,0x294c0000)
  from space 3840K, 99% used [0x294c0000,0x2987e138,0x29880000)
  to   space 5376K, 0% used [0x2a340000,0x2a340000,0x2a880000)
 ParOldGen       total 18944K, used 10028K [0x11200000, 0x12480000, 0x254c0000)
  object space 18944K, 52% used [0x11200000,0x11bcb1a8,0x12480000)
 Metaspace       used 20343K, capacity 21093K, committed 21248K, reserved 21888K
}
Event: 29.607 GC heap before
{Heap before GC invocations=19 (full 1):
 PSYoungGen      total 69376K, used 69368K [0x254c0000, 0x2a880000, 0x2f600000)
  eden space 65536K, 100% used [0x254c0000,0x294c0000,0x294c0000)
  from space 3840K, 99% used [0x294c0000,0x2987e138,0x29880000)
  to   space 5376K, 0% used [0x2a340000,0x2a340000,0x2a880000)
 ParOldGen       total 18944K, used 10028K [0x11200000, 0x12480000, 0x254c0000)
  object space 18944K, 52% used [0x11200000,0x11bcb1a8,0x12480000)
 Metaspace       used 23400K, capacity 24375K, committed 24448K, reserved 24960K
Event: 29.641 GC heap after
Heap after GC invocations=19 (full 1):
 PSYoungGen      total 79104K, used 5374K [0x254c0000, 0x2b340000, 0x2f600000)
  eden space 73728K, 0% used [0x254c0000,0x254c0000,0x29cc0000)
  from space 5376K, 99% used [0x2a340000,0x2a87fa60,0x2a880000)
  to   space 6656K, 0% used [0x29cc0000,0x29cc0000,0x2a340000)
 ParOldGen       total 18944K, used 11329K [0x11200000, 0x12480000, 0x254c0000)
  object space 18944K, 59% used [0x11200000,0x11d10478,0x12480000)
 Metaspace       used 23400K, capacity 24375K, committed 24448K, reserved 24960K
}
Event: 32.729 GC heap before
{Heap before GC invocations=20 (full 1):
 PSYoungGen      total 79104K, used 79102K [0x254c0000, 0x2b340000, 0x2f600000)
  eden space 73728K, 100% used [0x254c0000,0x29cc0000,0x29cc0000)
  from space 5376K, 99% used [0x2a340000,0x2a87fa60,0x2a880000)
  to   space 6656K, 0% used [0x29cc0000,0x29cc0000,0x2a340000)
 ParOldGen       total 18944K, used 11329K [0x11200000, 0x12480000, 0x254c0000)
  object space 18944K, 59% used [0x11200000,0x11d10478,0x12480000)
 Metaspace       used 24812K, capacity 25804K, committed 25856K, reserved 25984K
Event: 32.791 GC heap after
Heap after GC invocations=20 (full 1):
 PSYoungGen      total 80384K, used 2533K [0x254c0000, 0x2be40000, 0x2f600000)
  eden space 73728K, 0% used [0x254c0000,0x254c0000,0x29cc0000)
  from space 6656K, 38% used [0x29cc0000,0x29f39588,0x2a340000)
  to   space 6400K, 0% used [0x2b800000,0x2b800000,0x2be40000)
 ParOldGen       total 18944K, used 14097K [0x11200000, 0x12480000, 0x254c0000)
  object space 18944K, 74% used [0x11200000,0x11fc4620,0x12480000)
 Metaspace       used 24812K, capacity 25804K, committed 25856K, reserved 25984K
}
Event: 36.488 GC heap before
{Heap before GC invocations=21 (full 1):
 PSYoungGen      total 80384K, used 50233K [0x254c0000, 0x2be40000, 0x2f600000)
  eden space 73728K, 64% used [0x254c0000,0x28354ee0,0x29cc0000)
  from space 6656K, 38% used [0x29cc0000,0x29f39588,0x2a340000)
  to   space 6400K, 0% used [0x2b800000,0x2b800000,0x2be40000)
 ParOldGen       total 18944K, used 14097K [0x11200000, 0x12480000, 0x254c0000)
  object space 18944K, 74% used [0x11200000,0x11fc4620,0x12480000)
 Metaspace       used 26291K, capacity 27294K, committed 27308K, reserved 28032K
Event: 36.540 GC heap after
Heap after GC invocations=21 (full 1):
 PSYoungGen      total 101120K, used 2842K [0x254c0000, 0x2bd80000, 0x2f600000)
  eden space 95488K, 0% used [0x254c0000,0x254c0000,0x2b200000)
  from space 5632K, 50% used [0x2b800000,0x2bac6888,0x2bd80000)
  to   space 5888K, 0% used [0x2b200000,0x2b200000,0x2b7c0000)
 ParOldGen       total 18944K, used 15232K [0x11200000, 0x12480000, 0x254c0000)
  object space 18944K, 80% used [0x11200000,0x120e0108,0x12480000)
 Metaspace       used 26291K, capacity 27294K, committed 27308K, reserved 28032K
}
Event: 36.540 GC heap before
{Heap before GC invocations=22 (full 2):
 PSYoungGen      total 101120K, used 2842K [0x254c0000, 0x2bd80000, 0x2f600000)
  eden space 95488K, 0% used [0x254c0000,0x254c0000,0x2b200000)
  from space 5632K, 50% used [0x2b800000,0x2bac6888,0x2bd80000)
  to   space 5888K, 0% used [0x2b200000,0x2b200000,0x2b7c0000)
 ParOldGen       total 18944K, used 15232K [0x11200000, 0x12480000, 0x254c0000)
  object space 18944K, 80% used [0x11200000,0x120e0108,0x12480000)
 Metaspace       used 26291K, capacity 27294K, committed 27308K, reserved 28032K
Event: 36.753 GC heap after
Heap after GC invocations=22 (full 2):
 PSYoungGen      total 101120K, used 0K [0x254c0000, 0x2bd80000, 0x2f600000)
  eden space 95488K, 0% used [0x254c0000,0x254c0000,0x2b200000)
  from space 5632K, 0% used [0x2b800000,0x2b800000,0x2bd80000)
  to   space 5888K, 0% used [0x2b200000,0x2b200000,0x2b7c0000)
 ParOldGen       total 32256K, used 14233K [0x11200000, 0x13180000, 0x254c0000)
  object space 32256K, 44% used [0x11200000,0x11fe6700,0x13180000)
 Metaspace       used 26291K, capacity 27294K, committed 27308K, reserved 28032K
}
Event: 40.131 GC heap before
{Heap before GC invocations=23 (full 2):
 PSYoungGen      total 101120K, used 95488K [0x254c0000, 0x2bd80000, 0x2f600000)
  eden space 95488K, 100% used [0x254c0000,0x2b200000,0x2b200000)
  from space 5632K, 0% used [0x2b800000,0x2b800000,0x2bd80000)
  to   space 5888K, 0% used [0x2b200000,0x2b200000,0x2b7c0000)
 ParOldGen       total 32256K, used 14233K [0x11200000, 0x13180000, 0x254c0000)
  object space 32256K, 44% used [0x11200000,0x11fe6700,0x13180000)
 Metaspace       used 30711K, capacity 31846K, committed 31872K, reserved 32128K
Event: 40.176 GC heap after
Heap after GC invocations=23 (full 2):
 PSYoungGen      total 101376K, used 5877K [0x254c0000, 0x2d7c0000, 0x2f600000)
  eden space 95488K, 0% used [0x254c0000,0x254c0000,0x2b200000)
  from space 5888K, 99% used [0x2b200000,0x2b7bd448,0x2b7c0000)
  to   space 7936K, 0% used [0x2d000000,0x2d000000,0x2d7c0000)
 ParOldGen       total 32256K, used 17091K [0x11200000, 0x13180000, 0x254c0000)
  object space 32256K, 52% used [0x11200000,0x122b0f28,0x13180000)
 Metaspace       used 30711K, capacity 31846K, committed 31872K, reserved 32128K
}
Event: 43.756 GC heap before
{Heap before GC invocations=24 (full 2):
 PSYoungGen      total 101376K, used 101365K [0x254c0000, 0x2d7c0000, 0x2f600000)
  eden space 95488K, 100% used [0x254c0000,0x2b200000,0x2b200000)
  from space 5888K, 99% used [0x2b200000,0x2b7bd448,0x2b7c0000)
  to   space 7936K, 0% used [0x2d000000,0x2d000000,0x2d7c0000)
 ParOldGen       total 32256K, used 17091K [0x11200000, 0x13180000, 0x254c0000)
  object space 32256K, 52% used [0x11200000,0x122b0f28,0x13180000)
 Metaspace       used 34266K, capacity 35442K, committed 35456K, reserved 36224K
Event: 43.838 GC heap after
Heap after GC invocations=24 (full 2):
 PSYoungGen      total 123136K, used 7929K [0x254c0000, 0x2df40000, 0x2f600000)
  eden space 115200K, 0% used [0x254c0000,0x254c0000,0x2c540000)
  from space 7936K, 99% used [0x2d000000,0x2d7be4a8,0x2d7c0000)
  to   space 11008K, 0% used [0x2c540000,0x2c540000,0x2d000000)
 ParOldGen       total 32256K, used 22497K [0x11200000, 0x13180000, 0x254c0000)
  object space 32256K, 69% used [0x11200000,0x127f8778,0x13180000)
 Metaspace       used 34266K, capacity 35442K, committed 35456K, reserved 36224K
}
Event: 47.258 GC heap before
{Heap before GC invocations=25 (full 2):
 PSYoungGen      total 123136K, used 123129K [0x254c0000, 0x2df40000, 0x2f600000)
  eden space 115200K, 100% used [0x254c0000,0x2c540000,0x2c540000)
  from space 7936K, 99% used [0x2d000000,0x2d7be4a8,0x2d7c0000)
  to   space 11008K, 0% used [0x2c540000,0x2c540000,0x2d000000)
 ParOldGen       total 32256K, used 22497K [0x11200000, 0x13180000, 0x254c0000)
  object space 32256K, 69% used [0x11200000,0x127f8778,0x13180000)
 Metaspace       used 37927K, capacity 39226K, committed 39296K, reserved 39296K
Event: 47.324 GC heap after
Heap after GC invocations=25 (full 2):
 PSYoungGen      total 126208K, used 7310K [0x254c0000, 0x2df40000, 0x2f600000)
  eden space 115200K, 0% used [0x254c0000,0x254c0000,0x2c540000)
  from space 11008K, 66% used [0x2c540000,0x2cc63878,0x2d000000)
  to   space 7936K, 0% used [0x2d000000,0x2d000000,0x2d7c0000)
 ParOldGen       total 32256K, used 28943K [0x11200000, 0x13180000, 0x254c0000)
  object space 32256K, 89% used [0x11200000,0x12e43f90,0x13180000)
 Metaspace       used 37927K, capacity 39226K, committed 39296K, reserved 39296K
}
Event: 47.325 GC heap before
{Heap before GC invocations=26 (full 3):
 PSYoungGen      total 126208K, used 7310K [0x254c0000, 0x2df40000, 0x2f600000)
  eden space 115200K, 0% used [0x254c0000,0x254c0000,0x2c540000)
  from space 11008K, 66% used [0x2c540000,0x2cc63878,0x2d000000)
  to   space 7936K, 0% used [0x2d000000,0x2d000000,0x2d7c0000)
 ParOldGen       total 32256K, used 28943K [0x11200000, 0x13180000, 0x254c0000)
  object space 32256K, 89% used [0x11200000,0x12e43f90,0x13180000)
 Metaspace       used 37927K, capacity 39226K, committed 39296K, reserved 39296K
Event: 47.746 GC heap after
Heap after GC invocations=26 (full 3):
 PSYoungGen      total 126208K, used 0K [0x254c0000, 0x2df40000, 0x2f600000)
  eden space 115200K, 0% used [0x254c0000,0x254c0000,0x2c540000)
  from space 11008K, 0% used [0x2c540000,0x2c540000,0x2d000000)
  to   space 7936K, 0% used [0x2d000000,0x2d000000,0x2d7c0000)
 ParOldGen       total 32256K, used 29448K [0x11200000, 0x13180000, 0x254c0000)
  object space 32256K, 91% used [0x11200000,0x12ec22a0,0x13180000)
 Metaspace       used 37927K, capacity 39226K, committed 39296K, reserved 39296K
}

