# JRE version: Java(TM) SE Runtime Environment (8.0_181-b13) (build 1.8.0_181-b13)
# Java VM: Java HotSpot(TM) Client VM (25.181-b13 mixed mode, sharing windows-x86 )
Heap:
 def new generation   total 8064K, used 4511K [0x04000000, 0x048c0000, 0x09550000)
  eden space 7168K,  53% used [0x04000000, 0x043b86f0, 0x04700000)
  from space 896K,  78% used [0x047e0000, 0x0488f6c0, 0x048c0000)
  to   space 896K,   0% used [0x04700000, 0x04700000, 0x047e0000)
 tenured generation   total 17800K, used 13253K [0x09550000, 0x0a6b2000, 0x14000000)
   the space 17800K,  74% used [0x09550000, 0x0a241578, 0x0a241600, 0x0a6b2000)
 Metaspace       used 20261K, capacity 21379K, committed 21504K, reserved 21888K
GC Heap History (10 events):
Event: 38.114 GC heap before
{Heap before GC invocations=104 (full 2):
 def new generation   total 8064K, used 7630K [0x04000000, 0x048c0000, 0x09550000)
  eden space 7168K, 100% used [0x04000000, 0x04700000, 0x04700000)
  from space 896K,  51% used [0x04700000, 0x04773920, 0x047e0000)
  to   space 896K,   0% used [0x047e0000, 0x047e0000, 0x048c0000)
 tenured generation   total 17800K, used 12415K [0x09550000, 0x0a6b2000, 0x14000000)
   the space 17800K,  69% used [0x09550000, 0x0a16fe98, 0x0a170000, 0x0a6b2000)
 Metaspace       used 19491K, capacity 20573K, committed 20608K, reserved 20864K
Event: 38.122 GC heap after
Heap after GC invocations=105 (full 2):
 def new generation   total 8064K, used 357K [0x04000000, 0x048c0000, 0x09550000)
  eden space 7168K,   0% used [0x04000000, 0x04000000, 0x04700000)
  from space 896K,  39% used [0x047e0000, 0x04839638, 0x048c0000)
  to   space 896K,   0% used [0x04700000, 0x04700000, 0x047e0000)
 tenured generation   total 17800K, used 12591K [0x09550000, 0x0a6b2000, 0x14000000)
   the space 17800K,  70% used [0x09550000, 0x0a19bca8, 0x0a19be00, 0x0a6b2000)
 Metaspace       used 19491K, capacity 20573K, committed 20608K, reserved 20864K
}
Event: 38.270 GC heap before
{Heap before GC invocations=105 (full 2):
 def new generation   total 8064K, used 7525K [0x04000000, 0x048c0000, 0x09550000)
  eden space 7168K, 100% used [0x04000000, 0x04700000, 0x04700000)
  from space 896K,  39% used [0x047e0000, 0x04839638, 0x048c0000)
  to   space 896K,   0% used [0x04700000, 0x04700000, 0x047e0000)
 tenured generation   total 17800K, used 12591K [0x09550000, 0x0a6b2000, 0x14000000)
   the space 17800K,  70% used [0x09550000, 0x0a19bca8, 0x0a19be00, 0x0a6b2000)
 Metaspace       used 19659K, capacity 20758K, committed 20864K, reserved 20864K
Event: 38.279 GC heap after
Heap after GC invocations=106 (full 2):
 def new generation   total 8064K, used 741K [0x04000000, 0x048c0000, 0x09550000)
  eden space 7168K,   0% used [0x04000000, 0x04000000, 0x04700000)
  from space 896K,  82% used [0x04700000, 0x047b94c0, 0x047e0000)
  to   space 896K,   0% used [0x047e0000, 0x047e0000, 0x048c0000)
 tenured generation   total 17800K, used 12591K [0x09550000, 0x0a6b2000, 0x14000000)
   the space 17800K,  70% used [0x09550000, 0x0a19bca8, 0x0a19be00, 0x0a6b2000)
 Metaspace       used 19659K, capacity 20758K, committed 20864K, reserved 20864K
}
Event: 38.467 GC heap before
{Heap before GC invocations=106 (full 2):
 def new generation   total 8064K, used 7909K [0x04000000, 0x048c0000, 0x09550000)
  eden space 7168K, 100% used [0x04000000, 0x04700000, 0x04700000)
  from space 896K,  82% used [0x04700000, 0x047b94c0, 0x047e0000)
  to   space 896K,   0% used [0x047e0000, 0x047e0000, 0x048c0000)
 tenured generation   total 17800K, used 12591K [0x09550000, 0x0a6b2000, 0x14000000)
   the space 17800K,  70% used [0x09550000, 0x0a19bca8, 0x0a19be00, 0x0a6b2000)
 Metaspace       used 19791K, capacity 20893K, committed 20992K, reserved 21888K
Event: 38.479 GC heap after
Heap after GC invocations=107 (full 2):
 def new generation   total 8064K, used 363K [0x04000000, 0x048c0000, 0x09550000)
  eden space 7168K,   0% used [0x04000000, 0x04000000, 0x04700000)
  from space 896K,  40% used [0x047e0000, 0x0483afa0, 0x048c0000)
  to   space 896K,   0% used [0x04700000, 0x04700000, 0x047e0000)
 tenured generation   total 17800K, used 13073K [0x09550000, 0x0a6b2000, 0x14000000)
   the space 17800K,  73% used [0x09550000, 0x0a214418, 0x0a214600, 0x0a6b2000)
 Metaspace       used 19791K, capacity 20893K, committed 20992K, reserved 21888K
}
Event: 38.600 GC heap before
{Heap before GC invocations=107 (full 2):
 def new generation   total 8064K, used 7531K [0x04000000, 0x048c0000, 0x09550000)
  eden space 7168K, 100% used [0x04000000, 0x04700000, 0x04700000)
  from space 896K,  40% used [0x047e0000, 0x0483afa0, 0x048c0000)
  to   space 896K,   0% used [0x04700000, 0x04700000, 0x047e0000)
 tenured generation   total 17800K, used 13073K [0x09550000, 0x0a6b2000, 0x14000000)
   the space 17800K,  73% used [0x09550000, 0x0a214418, 0x0a214600, 0x0a6b2000)
 Metaspace       used 19937K, capacity 21029K, committed 21120K, reserved 21888K
Event: 38.608 GC heap after
Heap after GC invocations=108 (full 2):
 def new generation   total 8064K, used 619K [0x04000000, 0x048c0000, 0x09550000)
  eden space 7168K,   0% used [0x04000000, 0x04000000, 0x04700000)
  from space 896K,  69% used [0x04700000, 0x0479aff8, 0x047e0000)
  to   space 896K,   0% used [0x047e0000, 0x047e0000, 0x048c0000)
 tenured generation   total 17800K, used 13073K [0x09550000, 0x0a6b2000, 0x14000000)
   the space 17800K,  73% used [0x09550000, 0x0a214418, 0x0a214600, 0x0a6b2000)
 Metaspace       used 19937K, capacity 21029K, committed 21120K, reserved 21888K
}
Event: 38.893 GC heap before
{Heap before GC invocations=108 (full 2):
 def new generation   total 8064K, used 7787K [0x04000000, 0x048c0000, 0x09550000)
  eden space 7168K, 100% used [0x04000000, 0x04700000, 0x04700000)
  from space 896K,  69% used [0x04700000, 0x0479aff8, 0x047e0000)
  to   space 896K,   0% used [0x047e0000, 0x047e0000, 0x048c0000)
 tenured generation   total 17800K, used 13073K [0x09550000, 0x0a6b2000, 0x14000000)
   the space 17800K,  73% used [0x09550000, 0x0a214418, 0x0a214600, 0x0a6b2000)
 Metaspace       used 20104K, capacity 21209K, committed 21248K, reserved 21888K
Event: 38.902 GC heap after
Heap after GC invocations=109 (full 2):
 def new generation   total 8064K, used 701K [0x04000000, 0x048c0000, 0x09550000)
  eden space 7168K,   0% used [0x04000000, 0x04000000, 0x04700000)
  from space 896K,  78% used [0x047e0000, 0x0488f6c0, 0x048c0000)
  to   space 896K,   0% used [0x04700000, 0x04700000, 0x047e0000)
 tenured generation   total 17800K, used 13253K [0x09550000, 0x0a6b2000, 0x14000000)
   the space 17800K,  74% used [0x09550000, 0x0a241578, 0x0a241600, 0x0a6b2000)
 Metaspace       used 20104K, capacity 21209K, committed 21248K, reserved 21888K
}

